  [4;36;1mSQL (0.5ms)[0m   [0;1m SELECT name
 FROM sqlite_master
 WHERE type = 'table' AND NOT name = 'sqlite_sequence'
[0m
  [4;35;1mSQL (0.1ms)[0m   [0mselect sqlite_version(*)[0m
  [4;36;1mSQL (2.6ms)[0m   [0;1mCREATE TABLE "schema_migrations" ("version" varchar(255) NOT NULL) [0m
  [4;35;1mSQL (1.1ms)[0m   [0mCREATE UNIQUE INDEX "unique_schema_migrations" ON "schema_migrations" ("version")[0m
  [4;36;1mSQL (0.1ms)[0m   [0;1m SELECT name
 FROM sqlite_master
 WHERE type = 'table' AND NOT name = 'sqlite_sequence'
[0m
  [4;35;1mSQL (0.1ms)[0m   [0mSELECT version FROM schema_migrations[0m
Migrating to CreatePosts (20110122001342)
  [4;36;1mSQL (0.3ms)[0m   [0;1mCREATE TABLE "posts" ("id" INTEGER PRIMARY KEY AUTOINCREMENT NOT NULL, "title" varchar(255), "text" varchar(255), "created_at" datetime, "updated_at" datetime) [0m
  [4;35;1mSQL (0.1ms)[0m   [0mINSERT INTO schema_migrations (version) VALUES ('20110122001342')[0m
  [4;36;1mSQL (0.2ms)[0m   [0;1m SELECT name
 FROM sqlite_master
 WHERE type = 'table' AND NOT name = 'sqlite_sequence'
[0m
  [4;35;1mSQL (0.1ms)[0m   [0mSELECT version FROM schema_migrations[0m
  [4;36;1mSQL (0.1ms)[0m   [0;1m SELECT name
 FROM sqlite_master
 WHERE type = 'table' AND NOT name = 'sqlite_sequence'
[0m
  [4;35;1mSQL (0.0ms)[0m   [0mPRAGMA index_list("posts")[0m


Processing ApplicationController#index (for 204.14.152.118 at 2011-01-22 00:43:23) [GET]

ActionController::RoutingError (No route matches "/postsw" with {:method=>:get}):
  /home/flaptor/.rvm/rubies/ruby-1.8.7-p302/lib/ruby/1.8/webrick/httpserver.rb:104:in `service'
  /home/flaptor/.rvm/rubies/ruby-1.8.7-p302/lib/ruby/1.8/webrick/httpserver.rb:65:in `run'
  /home/flaptor/.rvm/rubies/ruby-1.8.7-p302/lib/ruby/1.8/webrick/server.rb:173:in `start_thread'
  /home/flaptor/.rvm/rubies/ruby-1.8.7-p302/lib/ruby/1.8/webrick/server.rb:162:in `start'
  /home/flaptor/.rvm/rubies/ruby-1.8.7-p302/lib/ruby/1.8/webrick/server.rb:162:in `start_thread'
  /home/flaptor/.rvm/rubies/ruby-1.8.7-p302/lib/ruby/1.8/webrick/server.rb:95:in `start'
  /home/flaptor/.rvm/rubies/ruby-1.8.7-p302/lib/ruby/1.8/webrick/server.rb:92:in `each'
  /home/flaptor/.rvm/rubies/ruby-1.8.7-p302/lib/ruby/1.8/webrick/server.rb:92:in `start'
  /home/flaptor/.rvm/rubies/ruby-1.8.7-p302/lib/ruby/1.8/webrick/server.rb:23:in `start'
  /home/flaptor/.rvm/rubies/ruby-1.8.7-p302/lib/ruby/1.8/webrick/server.rb:82:in `start'

Rendering rescues/layout (not_found)


Processing PostsController#index (for 204.14.152.118 at 2011-01-22 00:43:26) [GET]
  [4;36;1mPost Load (0.5ms)[0m   [0;1mSELECT * FROM "posts" [0m
Rendering template within layouts/posts
Rendering posts/index
Completed in 75ms (View: 72, DB: 0) | 200 OK [http://beef.indextank.com/posts]


Processing PostsController#new (for 204.14.152.118 at 2011-01-22 00:43:28) [GET]
Rendering template within layouts/posts
Rendering posts/new
Completed in 21ms (View: 7, DB: 0) | 200 OK [http://beef.indextank.com/posts/new]


Processing PostsController#create (for 204.14.152.118 at 2011-01-22 00:43:31) [POST]
  Parameters: {"commit"=>"Create", "post"=>{"title"=>"123", "text"=>"123"}, "authenticity_token"=>"lY7dlFnoxA8XDE1m9lVyjrUNA0uZI0OymBHqq5y7UjA="}
  [4;35;1mPost Create (0.3ms)[0m   [0mINSERT INTO "posts" ("created_at", "title", "updated_at", "text") VALUES('2011-01-22 00:43:31', '123', '2011-01-22 00:43:31', '123')[0m
Redirected to http://beef.indextank.com:23500/posts/1
Completed in 7ms (DB: 0) | 302 Found [http://beef.indextank.com/posts]


Processing PostsController#show (for 204.14.152.118 at 2011-01-22 00:43:31) [GET]
  Parameters: {"id"=>"1"}
  [4;36;1mPost Load (0.1ms)[0m   [0;1mSELECT * FROM "posts" WHERE ("posts"."id" = 1) [0m
Rendering template within layouts/posts
Rendering posts/show
Completed in 15ms (View: 11, DB: 0) | 200 OK [http://beef.indextank.com/posts/1]


Processing PostsController#index (for 204.14.152.118 at 2011-01-22 00:43:34) [GET]
  [4;35;1mPost Load (0.3ms)[0m   [0mSELECT * FROM "posts" [0m
Rendering template within layouts/posts
Rendering posts/index
Completed in 7ms (View: 4, DB: 0) | 200 OK [http://beef.indextank.com/posts]


Processing PostsController#index (for 204.14.152.118 at 2011-01-22 02:35:30) [GET]
  [4;36;1mPost Load (0.5ms)[0m   [0;1mSELECT * FROM "posts" [0m
Rendering template within layouts/posts
Rendering posts/index
Completed in 29ms (View: 25, DB: 1) | 200 OK [http://beef.indextank.com/posts]


Processing PostsController#new (for 204.14.152.118 at 2011-01-22 02:35:44) [GET]
Rendering template within layouts/posts
Rendering posts/new
Completed in 13ms (View: 10, DB: 0) | 200 OK [http://beef.indextank.com/posts/new]


Processing PostsController#create (for 204.14.152.118 at 2011-01-22 02:35:50) [POST]
  Parameters: {"commit"=>"Create", "post"=>{"title"=>"test", "text"=>"test test test"}, "authenticity_token"=>"V6/O2xpRZT9vYHq06b7UMYpgHwr7XZftO66V064JTzU="}
  [4;35;1mPost Create (0.3ms)[0m   [0mINSERT INTO "posts" ("created_at", "title", "updated_at", "text") VALUES('2011-01-22 02:35:50', 'test', '2011-01-22 02:35:50', 'test test test')[0m
Redirected to http://beef.indextank.com:23500/posts/2
Completed in 282ms (DB: 0) | 302 Found [http://beef.indextank.com/posts]


Processing PostsController#show (for 204.14.152.118 at 2011-01-22 02:35:51) [GET]
  Parameters: {"id"=>"2"}
  [4;36;1mPost Load (0.1ms)[0m   [0;1mSELECT * FROM "posts" WHERE ("posts"."id" = 2) [0m
Rendering template within layouts/posts
Rendering posts/show
Completed in 10ms (View: 6, DB: 0) | 200 OK [http://beef.indextank.com/posts/2]


Processing PostsController#index (for 204.14.152.118 at 2011-01-22 02:35:55) [GET]
  [4;35;1mPost Load (0.4ms)[0m   [0mSELECT * FROM "posts" [0m
Rendering template within layouts/posts
Rendering posts/index
Completed in 9ms (View: 6, DB: 0) | 200 OK [http://beef.indextank.com/posts]


Processing PostsController#show (for 204.14.152.118 at 2011-01-22 02:35:59) [GET]
  Parameters: {"id"=>"search"}
  [4;36;1mPost Load (0.1ms)[0m   [0;1mSELECT * FROM "posts" WHERE ("posts"."id" = 0) [0m

ActiveRecord::RecordNotFound (Couldn't find Post with ID=search):
  app/controllers/posts_controller.rb:16:in `show'
  /home/flaptor/.rvm/rubies/ruby-1.8.7-p302/lib/ruby/1.8/webrick/httpserver.rb:104:in `service'
  /home/flaptor/.rvm/rubies/ruby-1.8.7-p302/lib/ruby/1.8/webrick/httpserver.rb:65:in `run'
  /home/flaptor/.rvm/rubies/ruby-1.8.7-p302/lib/ruby/1.8/webrick/server.rb:173:in `start_thread'
  /home/flaptor/.rvm/rubies/ruby-1.8.7-p302/lib/ruby/1.8/webrick/server.rb:162:in `start'
  /home/flaptor/.rvm/rubies/ruby-1.8.7-p302/lib/ruby/1.8/webrick/server.rb:162:in `start_thread'
  /home/flaptor/.rvm/rubies/ruby-1.8.7-p302/lib/ruby/1.8/webrick/server.rb:95:in `start'
  /home/flaptor/.rvm/rubies/ruby-1.8.7-p302/lib/ruby/1.8/webrick/server.rb:92:in `each'
  /home/flaptor/.rvm/rubies/ruby-1.8.7-p302/lib/ruby/1.8/webrick/server.rb:92:in `start'
  /home/flaptor/.rvm/rubies/ruby-1.8.7-p302/lib/ruby/1.8/webrick/server.rb:23:in `start'
  /home/flaptor/.rvm/rubies/ruby-1.8.7-p302/lib/ruby/1.8/webrick/server.rb:82:in `start'

Rendered rescues/_trace (93.3ms)
Rendered rescues/_request_and_response (1.2ms)
Rendering rescues/layout (not_found)


Processing PostsController#show (for 204.14.152.118 at 2011-01-22 02:38:17) [GET]
  Parameters: {"id"=>"search"}
  [4;36;1mPost Load (0.1ms)[0m   [0;1mSELECT * FROM "posts" WHERE ("posts"."id" = 0) [0m

ActiveRecord::RecordNotFound (Couldn't find Post with ID=search):
  app/controllers/posts_controller.rb:16:in `show'
  /home/flaptor/.rvm/rubies/ruby-1.8.7-p302/lib/ruby/1.8/webrick/httpserver.rb:104:in `service'
  /home/flaptor/.rvm/rubies/ruby-1.8.7-p302/lib/ruby/1.8/webrick/httpserver.rb:65:in `run'
  /home/flaptor/.rvm/rubies/ruby-1.8.7-p302/lib/ruby/1.8/webrick/server.rb:173:in `start_thread'
  /home/flaptor/.rvm/rubies/ruby-1.8.7-p302/lib/ruby/1.8/webrick/server.rb:162:in `start'
  /home/flaptor/.rvm/rubies/ruby-1.8.7-p302/lib/ruby/1.8/webrick/server.rb:162:in `start_thread'
  /home/flaptor/.rvm/rubies/ruby-1.8.7-p302/lib/ruby/1.8/webrick/server.rb:95:in `start'
  /home/flaptor/.rvm/rubies/ruby-1.8.7-p302/lib/ruby/1.8/webrick/server.rb:92:in `each'
  /home/flaptor/.rvm/rubies/ruby-1.8.7-p302/lib/ruby/1.8/webrick/server.rb:92:in `start'
  /home/flaptor/.rvm/rubies/ruby-1.8.7-p302/lib/ruby/1.8/webrick/server.rb:23:in `start'
  /home/flaptor/.rvm/rubies/ruby-1.8.7-p302/lib/ruby/1.8/webrick/server.rb:82:in `start'

Rendered rescues/_trace (82.6ms)
Rendered rescues/_request_and_response (1.6ms)
Rendering rescues/layout (not_found)


Processing PostsController#show (for 204.14.152.118 at 2011-01-22 02:39:58) [GET]
  Parameters: {"id"=>"show"}
  [4;36;1mPost Load (0.1ms)[0m   [0;1mSELECT * FROM "posts" WHERE ("posts"."id" = 0) [0m

ActiveRecord::RecordNotFound (Couldn't find Post with ID=show):
  app/controllers/posts_controller.rb:16:in `show'
  /home/flaptor/.rvm/rubies/ruby-1.8.7-p302/lib/ruby/1.8/webrick/httpserver.rb:104:in `service'
  /home/flaptor/.rvm/rubies/ruby-1.8.7-p302/lib/ruby/1.8/webrick/httpserver.rb:65:in `run'
  /home/flaptor/.rvm/rubies/ruby-1.8.7-p302/lib/ruby/1.8/webrick/server.rb:173:in `start_thread'
  /home/flaptor/.rvm/rubies/ruby-1.8.7-p302/lib/ruby/1.8/webrick/server.rb:162:in `start'
  /home/flaptor/.rvm/rubies/ruby-1.8.7-p302/lib/ruby/1.8/webrick/server.rb:162:in `start_thread'
  /home/flaptor/.rvm/rubies/ruby-1.8.7-p302/lib/ruby/1.8/webrick/server.rb:95:in `start'
  /home/flaptor/.rvm/rubies/ruby-1.8.7-p302/lib/ruby/1.8/webrick/server.rb:92:in `each'
  /home/flaptor/.rvm/rubies/ruby-1.8.7-p302/lib/ruby/1.8/webrick/server.rb:92:in `start'
  /home/flaptor/.rvm/rubies/ruby-1.8.7-p302/lib/ruby/1.8/webrick/server.rb:23:in `start'
  /home/flaptor/.rvm/rubies/ruby-1.8.7-p302/lib/ruby/1.8/webrick/server.rb:82:in `start'

Rendered rescues/_trace (73.4ms)
Rendered rescues/_request_and_response (1.1ms)
Rendering rescues/layout (not_found)


Processing PostsController#show (for 204.14.152.118 at 2011-01-22 02:39:59) [GET]
  Parameters: {"id"=>"show"}
  [4;35;1mPost Load (0.1ms)[0m   [0mSELECT * FROM "posts" WHERE ("posts"."id" = 0) [0m

ActiveRecord::RecordNotFound (Couldn't find Post with ID=show):
  app/controllers/posts_controller.rb:16:in `show'
  /home/flaptor/.rvm/rubies/ruby-1.8.7-p302/lib/ruby/1.8/webrick/httpserver.rb:104:in `service'
  /home/flaptor/.rvm/rubies/ruby-1.8.7-p302/lib/ruby/1.8/webrick/httpserver.rb:65:in `run'
  /home/flaptor/.rvm/rubies/ruby-1.8.7-p302/lib/ruby/1.8/webrick/server.rb:173:in `start_thread'
  /home/flaptor/.rvm/rubies/ruby-1.8.7-p302/lib/ruby/1.8/webrick/server.rb:162:in `start'
  /home/flaptor/.rvm/rubies/ruby-1.8.7-p302/lib/ruby/1.8/webrick/server.rb:162:in `start_thread'
  /home/flaptor/.rvm/rubies/ruby-1.8.7-p302/lib/ruby/1.8/webrick/server.rb:95:in `start'
  /home/flaptor/.rvm/rubies/ruby-1.8.7-p302/lib/ruby/1.8/webrick/server.rb:92:in `each'
  /home/flaptor/.rvm/rubies/ruby-1.8.7-p302/lib/ruby/1.8/webrick/server.rb:92:in `start'
  /home/flaptor/.rvm/rubies/ruby-1.8.7-p302/lib/ruby/1.8/webrick/server.rb:23:in `start'
  /home/flaptor/.rvm/rubies/ruby-1.8.7-p302/lib/ruby/1.8/webrick/server.rb:82:in `start'

Rendered rescues/_trace (32.6ms)
Rendered rescues/_request_and_response (0.5ms)
Rendering rescues/layout (not_found)


Processing PostsController#index (for 204.14.152.118 at 2011-01-22 02:40:41) [GET]
  [4;36;1mPost Load (0.1ms)[0m   [0;1mSELECT * FROM "posts" WHERE ("posts"."id" = 2) [0m
Rendering template within layouts/posts
Rendering posts/index
Completed in 276ms (View: 24, DB: 0) | 200 OK [http://beef.indextank.com/posts/]


Processing PostsController#index (for 204.14.152.118 at 2011-01-22 02:40:43) [GET]
  [4;35;1mPost Load (0.1ms)[0m   [0mSELECT * FROM "posts" WHERE ("posts"."id" = 2) [0m
Rendering template within layouts/posts
Rendering posts/index
Completed in 38ms (View: 4, DB: 0) | 200 OK [http://beef.indextank.com/posts/]
